<?xml version="1.0" encoding="UTF-8"?>
<testsuite xmlns:xsi="http://www.w3.org/2001/XMLSchema-instance" xsi:noNamespaceSchemaLocation="https://maven.apache.org/surefire/maven-surefire-plugin/xsd/surefire-test-report.xsd" name="com.mp.RetrieveTest" time="0.552" tests="26" errors="1" skipped="0" failures="0">
  <properties>
    <property name="sun.desktop" value="windows"/>
    <property name="awt.toolkit" value="sun.awt.windows.WToolkit"/>
    <property name="file.encoding.pkg" value="sun.io"/>
    <property name="java.specification.version" value="1.8"/>
    <property name="sun.cpu.isalist" value="amd64"/>
    <property name="sun.jnu.encoding" value="GBK"/>
    <property name="java.class.path" value="E:\ideaworkspace\crud\target\test-classes;E:\ideaworkspace\crud\target\classes;D:\Program Files\mvnrepository\org\springframework\boot\spring-boot-starter\2.1.7.RELEASE\spring-boot-starter-2.1.7.RELEASE.jar;D:\Program Files\mvnrepository\org\springframework\boot\spring-boot\2.1.7.RELEASE\spring-boot-2.1.7.RELEASE.jar;D:\Program Files\mvnrepository\org\springframework\spring-context\5.1.9.RELEASE\spring-context-5.1.9.RELEASE.jar;D:\Program Files\mvnrepository\org\springframework\spring-aop\5.1.9.RELEASE\spring-aop-5.1.9.RELEASE.jar;D:\Program Files\mvnrepository\org\springframework\spring-beans\5.1.9.RELEASE\spring-beans-5.1.9.RELEASE.jar;D:\Program Files\mvnrepository\org\springframework\spring-expression\5.1.9.RELEASE\spring-expression-5.1.9.RELEASE.jar;D:\Program Files\mvnrepository\org\springframework\boot\spring-boot-autoconfigure\2.1.7.RELEASE\spring-boot-autoconfigure-2.1.7.RELEASE.jar;D:\Program Files\mvnrepository\org\springframework\boot\spring-boot-starter-logging\2.1.7.RELEASE\spring-boot-starter-logging-2.1.7.RELEASE.jar;D:\Program Files\mvnrepository\ch\qos\logback\logback-classic\1.2.3\logback-classic-1.2.3.jar;D:\Program Files\mvnrepository\ch\qos\logback\logback-core\1.2.3\logback-core-1.2.3.jar;D:\Program Files\mvnrepository\org\slf4j\slf4j-api\1.7.26\slf4j-api-1.7.26.jar;D:\Program Files\mvnrepository\org\apache\logging\log4j\log4j-to-slf4j\2.11.2\log4j-to-slf4j-2.11.2.jar;D:\Program Files\mvnrepository\org\apache\logging\log4j\log4j-api\2.11.2\log4j-api-2.11.2.jar;D:\Program Files\mvnrepository\org\slf4j\jul-to-slf4j\1.7.26\jul-to-slf4j-1.7.26.jar;D:\Program Files\mvnrepository\javax\annotation\javax.annotation-api\1.3.2\javax.annotation-api-1.3.2.jar;D:\Program Files\mvnrepository\org\springframework\spring-core\5.1.9.RELEASE\spring-core-5.1.9.RELEASE.jar;D:\Program Files\mvnrepository\org\springframework\spring-jcl\5.1.9.RELEASE\spring-jcl-5.1.9.RELEASE.jar;D:\Program Files\mvnrepository\org\yaml\snakeyaml\1.23\snakeyaml-1.23.jar;D:\Program Files\mvnrepository\org\springframework\boot\spring-boot-test\2.1.7.RELEASE\spring-boot-test-2.1.7.RELEASE.jar;D:\Program Files\mvnrepository\org\projectlombok\lombok\1.18.8\lombok-1.18.8.jar;D:\Program Files\mvnrepository\com\baomidou\mybatis-plus-boot-starter\3.3.0\mybatis-plus-boot-starter-3.3.0.jar;D:\Program Files\mvnrepository\com\baomidou\mybatis-plus\3.3.0\mybatis-plus-3.3.0.jar;D:\Program Files\mvnrepository\com\baomidou\mybatis-plus-extension\3.3.0\mybatis-plus-extension-3.3.0.jar;D:\Program Files\mvnrepository\com\baomidou\mybatis-plus-core\3.3.0\mybatis-plus-core-3.3.0.jar;D:\Program Files\mvnrepository\com\baomidou\mybatis-plus-annotation\3.3.0\mybatis-plus-annotation-3.3.0.jar;D:\Program Files\mvnrepository\com\github\jsqlparser\jsqlparser\3.1\jsqlparser-3.1.jar;D:\Program Files\mvnrepository\org\mybatis\mybatis\3.5.3\mybatis-3.5.3.jar;D:\Program Files\mvnrepository\org\mybatis\mybatis-spring\2.0.3\mybatis-spring-2.0.3.jar;D:\Program Files\mvnrepository\org\springframework\boot\spring-boot-starter-jdbc\2.1.7.RELEASE\spring-boot-starter-jdbc-2.1.7.RELEASE.jar;D:\Program Files\mvnrepository\com\zaxxer\HikariCP\3.2.0\HikariCP-3.2.0.jar;D:\Program Files\mvnrepository\org\springframework\spring-jdbc\5.1.9.RELEASE\spring-jdbc-5.1.9.RELEASE.jar;D:\Program Files\mvnrepository\org\springframework\spring-tx\5.1.9.RELEASE\spring-tx-5.1.9.RELEASE.jar;D:\Program Files\mvnrepository\mysql\mysql-connector-java\8.0.17\mysql-connector-java-8.0.17.jar;D:\Program Files\mvnrepository\junit\junit\4.12\junit-4.12.jar;D:\Program Files\mvnrepository\org\hamcrest\hamcrest-core\1.3\hamcrest-core-1.3.jar;D:\Program Files\mvnrepository\org\springframework\spring-test\5.1.9.RELEASE\spring-test-5.1.9.RELEASE.jar;"/>
    <property name="java.vm.vendor" value="Oracle Corporation"/>
    <property name="sun.arch.data.model" value="64"/>
    <property name="user.variant" value=""/>
    <property name="java.vendor.url" value="http://java.oracle.com/"/>
    <property name="user.timezone" value="Asia/Shanghai"/>
    <property name="java.vm.specification.version" value="1.8"/>
    <property name="os.name" value="Windows 10"/>
    <property name="user.country" value="CN"/>
    <property name="sun.java.launcher" value="SUN_STANDARD"/>
    <property name="sun.boot.library.path" value="D:\Program Files\Java\jdk1.8.0_121\jre\bin"/>
    <property name="sun.java.command" value="C:\Users\002841\AppData\Local\Temp\surefire8876216894079781334\surefirebooter9190068594526806877.jar C:\Users\002841\AppData\Local\Temp\surefire8876216894079781334 2020-01-14T09-56-45_391-jvmRun1 surefire4337151196940900568tmp surefire_0164762398615055794tmp"/>
    <property name="surefire.test.class.path" value="E:\ideaworkspace\crud\target\test-classes;E:\ideaworkspace\crud\target\classes;D:\Program Files\mvnrepository\org\springframework\boot\spring-boot-starter\2.1.7.RELEASE\spring-boot-starter-2.1.7.RELEASE.jar;D:\Program Files\mvnrepository\org\springframework\boot\spring-boot\2.1.7.RELEASE\spring-boot-2.1.7.RELEASE.jar;D:\Program Files\mvnrepository\org\springframework\spring-context\5.1.9.RELEASE\spring-context-5.1.9.RELEASE.jar;D:\Program Files\mvnrepository\org\springframework\spring-aop\5.1.9.RELEASE\spring-aop-5.1.9.RELEASE.jar;D:\Program Files\mvnrepository\org\springframework\spring-beans\5.1.9.RELEASE\spring-beans-5.1.9.RELEASE.jar;D:\Program Files\mvnrepository\org\springframework\spring-expression\5.1.9.RELEASE\spring-expression-5.1.9.RELEASE.jar;D:\Program Files\mvnrepository\org\springframework\boot\spring-boot-autoconfigure\2.1.7.RELEASE\spring-boot-autoconfigure-2.1.7.RELEASE.jar;D:\Program Files\mvnrepository\org\springframework\boot\spring-boot-starter-logging\2.1.7.RELEASE\spring-boot-starter-logging-2.1.7.RELEASE.jar;D:\Program Files\mvnrepository\ch\qos\logback\logback-classic\1.2.3\logback-classic-1.2.3.jar;D:\Program Files\mvnrepository\ch\qos\logback\logback-core\1.2.3\logback-core-1.2.3.jar;D:\Program Files\mvnrepository\org\slf4j\slf4j-api\1.7.26\slf4j-api-1.7.26.jar;D:\Program Files\mvnrepository\org\apache\logging\log4j\log4j-to-slf4j\2.11.2\log4j-to-slf4j-2.11.2.jar;D:\Program Files\mvnrepository\org\apache\logging\log4j\log4j-api\2.11.2\log4j-api-2.11.2.jar;D:\Program Files\mvnrepository\org\slf4j\jul-to-slf4j\1.7.26\jul-to-slf4j-1.7.26.jar;D:\Program Files\mvnrepository\javax\annotation\javax.annotation-api\1.3.2\javax.annotation-api-1.3.2.jar;D:\Program Files\mvnrepository\org\springframework\spring-core\5.1.9.RELEASE\spring-core-5.1.9.RELEASE.jar;D:\Program Files\mvnrepository\org\springframework\spring-jcl\5.1.9.RELEASE\spring-jcl-5.1.9.RELEASE.jar;D:\Program Files\mvnrepository\org\yaml\snakeyaml\1.23\snakeyaml-1.23.jar;D:\Program Files\mvnrepository\org\springframework\boot\spring-boot-test\2.1.7.RELEASE\spring-boot-test-2.1.7.RELEASE.jar;D:\Program Files\mvnrepository\org\projectlombok\lombok\1.18.8\lombok-1.18.8.jar;D:\Program Files\mvnrepository\com\baomidou\mybatis-plus-boot-starter\3.3.0\mybatis-plus-boot-starter-3.3.0.jar;D:\Program Files\mvnrepository\com\baomidou\mybatis-plus\3.3.0\mybatis-plus-3.3.0.jar;D:\Program Files\mvnrepository\com\baomidou\mybatis-plus-extension\3.3.0\mybatis-plus-extension-3.3.0.jar;D:\Program Files\mvnrepository\com\baomidou\mybatis-plus-core\3.3.0\mybatis-plus-core-3.3.0.jar;D:\Program Files\mvnrepository\com\baomidou\mybatis-plus-annotation\3.3.0\mybatis-plus-annotation-3.3.0.jar;D:\Program Files\mvnrepository\com\github\jsqlparser\jsqlparser\3.1\jsqlparser-3.1.jar;D:\Program Files\mvnrepository\org\mybatis\mybatis\3.5.3\mybatis-3.5.3.jar;D:\Program Files\mvnrepository\org\mybatis\mybatis-spring\2.0.3\mybatis-spring-2.0.3.jar;D:\Program Files\mvnrepository\org\springframework\boot\spring-boot-starter-jdbc\2.1.7.RELEASE\spring-boot-starter-jdbc-2.1.7.RELEASE.jar;D:\Program Files\mvnrepository\com\zaxxer\HikariCP\3.2.0\HikariCP-3.2.0.jar;D:\Program Files\mvnrepository\org\springframework\spring-jdbc\5.1.9.RELEASE\spring-jdbc-5.1.9.RELEASE.jar;D:\Program Files\mvnrepository\org\springframework\spring-tx\5.1.9.RELEASE\spring-tx-5.1.9.RELEASE.jar;D:\Program Files\mvnrepository\mysql\mysql-connector-java\8.0.17\mysql-connector-java-8.0.17.jar;D:\Program Files\mvnrepository\junit\junit\4.12\junit-4.12.jar;D:\Program Files\mvnrepository\org\hamcrest\hamcrest-core\1.3\hamcrest-core-1.3.jar;D:\Program Files\mvnrepository\org\springframework\spring-test\5.1.9.RELEASE\spring-test-5.1.9.RELEASE.jar;"/>
    <property name="sun.cpu.endian" value="little"/>
    <property name="user.home" value="C:\Users\002841"/>
    <property name="user.language" value="zh"/>
    <property name="java.specification.vendor" value="Oracle Corporation"/>
    <property name="java.home" value="D:\Program Files\Java\jdk1.8.0_121\jre"/>
    <property name="basedir" value="E:\ideaworkspace\crud"/>
    <property name="file.separator" value="\"/>
    <property name="line.separator" value="&#10;"/>
    <property name="java.vm.specification.vendor" value="Oracle Corporation"/>
    <property name="java.specification.name" value="Java Platform API Specification"/>
    <property name="java.awt.graphicsenv" value="sun.awt.Win32GraphicsEnvironment"/>
    <property name="surefire.real.class.path" value="C:\Users\002841\AppData\Local\Temp\surefire8876216894079781334\surefirebooter9190068594526806877.jar"/>
    <property name="sun.boot.class.path" value="D:\Program Files\Java\jdk1.8.0_121\jre\lib\resources.jar;D:\Program Files\Java\jdk1.8.0_121\jre\lib\rt.jar;D:\Program Files\Java\jdk1.8.0_121\jre\lib\sunrsasign.jar;D:\Program Files\Java\jdk1.8.0_121\jre\lib\jsse.jar;D:\Program Files\Java\jdk1.8.0_121\jre\lib\jce.jar;D:\Program Files\Java\jdk1.8.0_121\jre\lib\charsets.jar;D:\Program Files\Java\jdk1.8.0_121\jre\lib\jfr.jar;D:\Program Files\Java\jdk1.8.0_121\jre\classes"/>
    <property name="user.script" value=""/>
    <property name="sun.management.compiler" value="HotSpot 64-Bit Tiered Compilers"/>
    <property name="java.runtime.version" value="1.8.0_121-b13"/>
    <property name="user.name" value="002841"/>
    <property name="path.separator" value=";"/>
    <property name="os.version" value="10.0"/>
    <property name="java.endorsed.dirs" value="D:\Program Files\Java\jdk1.8.0_121\jre\lib\endorsed"/>
    <property name="java.runtime.name" value="Java(TM) SE Runtime Environment"/>
    <property name="file.encoding" value="GBK"/>
    <property name="java.vm.name" value="Java HotSpot(TM) 64-Bit Server VM"/>
    <property name="localRepository" value="D:\Program Files\mvnrepository"/>
    <property name="java.vendor.url.bug" value="http://bugreport.sun.com/bugreport/"/>
    <property name="java.io.tmpdir" value="C:\Users\002841\AppData\Local\Temp\"/>
    <property name="idea.version" value="2018.2.8"/>
    <property name="java.version" value="1.8.0_121"/>
    <property name="user.dir" value="E:\ideaworkspace\crud"/>
    <property name="os.arch" value="amd64"/>
    <property name="java.vm.specification.name" value="Java Virtual Machine Specification"/>
    <property name="java.awt.printerjob" value="sun.awt.windows.WPrinterJob"/>
    <property name="sun.os.patch.level" value=""/>
    <property name="java.library.path" value="D:\Program Files\Java\jdk1.8.0_121\jre\bin;C:\WINDOWS\Sun\Java\bin;C:\WINDOWS\system32;C:\WINDOWS;D:\xtp\;D:\xshell\;C:\ProgramData\Oracle\Java\javapath;C:\WINDOWS\system32;C:\WINDOWS;C:\WINDOWS\System32\Wbem;C:\WINDOWS\System32\WindowsPowerShell\v1.0\;D:\Program Files\apache-maven-3.5.4\bin;D:\Program Files\Java\jdk1.7.0_80\bin;D:\Program Files\Java\jdk1.7.0_80\jre\bin;D:\Program Files\Git\cmd;D:\Program Files\Microsoft VS Code\bin;D:\Program Files (x86)\cmder;C:\Users\002841\AppData\Roaming\npm;D:\Program Files\Python3.7.0;D:\Program Files\nodejs\;C:\WINDOWS\System32\OpenSSH\;D:\Program Files\Python3.7.0\Scripts\;D:\Program Files\Python3.7.0\;C:\Users\002841\AppData\Roaming\npm;C:\Users\002841\AppData\Local\BypassRuntm;%USERPROFILE%\AppData\Local\Microsoft\WindowsApps;;."/>
    <property name="java.vm.info" value="mixed mode"/>
    <property name="java.vendor" value="Oracle Corporation"/>
    <property name="java.vm.version" value="25.121-b13"/>
    <property name="java.ext.dirs" value="D:\Program Files\Java\jdk1.8.0_121\jre\lib\ext;C:\WINDOWS\Sun\Java\lib\ext"/>
    <property name="sun.io.unicode.encoding" value="UnicodeLittle"/>
    <property name="java.class.version" value="52.0"/>
  </properties>
  <testcase name="selectById" classname="com.mp.RetrieveTest" time="0.024"/>
  <testcase name="testCondition" classname="com.mp.RetrieveTest" time="0.024"/>
  <testcase name="selectByWrapperMaps" classname="com.mp.RetrieveTest" time="0.02"/>
  <testcase name="selectByWrapperObjs" classname="com.mp.RetrieveTest" time="0.007"/>
  <testcase name="selectByIds" classname="com.mp.RetrieveTest" time="0.009"/>
  <testcase name="selectByMap" classname="com.mp.RetrieveTest" time="0.009"/>
  <testcase name="selectByOne" classname="com.mp.RetrieveTest" time="0.008"/>
  <testcase name="selectByWrapperSupper2" classname="com.mp.RetrieveTest" time="0.013"/>
  <testcase name="selectLambda2" classname="com.mp.RetrieveTest" time="0.012"/>
  <testcase name="selectLambda3" classname="com.mp.RetrieveTest" time="0.007"/>
  <testcase name="selectByWrapper2" classname="com.mp.RetrieveTest" time="0.01"/>
  <testcase name="selectByWrapper3" classname="com.mp.RetrieveTest" time="0.011"/>
  <testcase name="selectByWrapper4" classname="com.mp.RetrieveTest" time="0.008"/>
  <testcase name="selectByWrapper5" classname="com.mp.RetrieveTest" time="0.009"/>
  <testcase name="selectByWrapper6" classname="com.mp.RetrieveTest" time="0.016"/>
  <testcase name="selectByWrapper7" classname="com.mp.RetrieveTest" time="0.009"/>
  <testcase name="selectByWrapper8" classname="com.mp.RetrieveTest" time="0.007"/>
  <testcase name="selectByWrapper9" classname="com.mp.RetrieveTest" time="0.012"/>
  <testcase name="selectByCount" classname="com.mp.RetrieveTest" time="0.006"/>
  <testcase name="selectMy" classname="com.mp.RetrieveTest" time="0.007">
    <error message="Invalid bound statement (not found): com.mp.dao.UserMapper.selectAll" type="org.apache.ibatis.binding.BindingException">org.apache.ibatis.binding.BindingException: Invalid bound statement (not found): com.mp.dao.UserMapper.selectAll
	at com.mp.RetrieveTest.selectMy(RetrieveTest.java:315)
</error>
    <system-out><![CDATA[DEBUGRetrieved @ProfileValueSourceConfiguration [null] for test class [com.mp.RetrieveTest]
DEBUGRetrieved ProfileValueSource type [class org.springframework.test.annotation.SystemProfileValueSource] for class [com.mp.RetrieveTest]
TRACEprepareTestInstance(): instance [com.mp.RetrieveTest@6e1d4137]
DEBUGPerforming dependency injection for test context [[DefaultTestContext@393881f0 testClass = RetrieveTest, testInstance = com.mp.RetrieveTest@6e1d4137, testMethod = [null], testException = [null], mergedContextConfiguration = [MergedContextConfiguration@4af46df3 testClass = RetrieveTest, locations = '{}', classes = '{class com.mp.Application}', contextInitializerClasses = '[]', activeProfiles = '{}', propertySourceLocations = '{}', propertySourceProperties = '{org.springframework.boot.test.context.SpringBootTestContextBootstrapper=true}', contextCustomizers = set[org.springframework.boot.test.context.filter.ExcludeFilterContextCustomizer@7ce6a65d, org.springframework.boot.test.json.DuplicateJsonObjectContextCustomizerFactory$DuplicateJsonObjectContextCustomizer@29b5cd00, org.springframework.boot.test.mock.mockito.MockitoContextCustomizer@0, org.springframework.boot.test.web.client.TestRestTemplateContextCustomizer@4d3167f4], contextLoader = 'org.springframework.boot.test.context.SpringBootContextLoader', parent = [null]], attributes = map[[empty]]]].
DEBUGRetrieved ApplicationContext from cache with key [[MergedContextConfiguration@4af46df3 testClass = RetrieveTest, locations = '{}', classes = '{class com.mp.Application}', contextInitializerClasses = '[]', activeProfiles = '{}', propertySourceLocations = '{}', propertySourceProperties = '{org.springframework.boot.test.context.SpringBootTestContextBootstrapper=true}', contextCustomizers = set[org.springframework.boot.test.context.filter.ExcludeFilterContextCustomizer@7ce6a65d, org.springframework.boot.test.json.DuplicateJsonObjectContextCustomizerFactory$DuplicateJsonObjectContextCustomizer@29b5cd00, org.springframework.boot.test.mock.mockito.MockitoContextCustomizer@0, org.springframework.boot.test.web.client.TestRestTemplateContextCustomizer@4d3167f4], contextLoader = 'org.springframework.boot.test.context.SpringBootContextLoader', parent = [null]]]
DEBUGSpring test ApplicationContext cache statistics: [DefaultContextCache@ec50f54 size = 1, maxSize = 32, parentContextCount = 0, hitCount = 20, missCount = 1]
TRACEProcessing injected element of bean 'com.mp.RetrieveTest': AutowiredFieldElement for private com.mp.dao.UserMapper com.mp.RetrieveTest.userMapper
TRACEReturning cached instance of singleton bean 'userMapper'
TRACEbeforeTestMethod(): instance [com.mp.RetrieveTest@6e1d4137], method [public void com.mp.RetrieveTest.selectMy()]
DEBUGBefore test method: context [DefaultTestContext@393881f0 testClass = RetrieveTest, testInstance = com.mp.RetrieveTest@6e1d4137, testMethod = selectMy@RetrieveTest, testException = [null], mergedContextConfiguration = [MergedContextConfiguration@4af46df3 testClass = RetrieveTest, locations = '{}', classes = '{class com.mp.Application}', contextInitializerClasses = '[]', activeProfiles = '{}', propertySourceLocations = '{}', propertySourceProperties = '{org.springframework.boot.test.context.SpringBootTestContextBootstrapper=true}', contextCustomizers = set[org.springframework.boot.test.context.filter.ExcludeFilterContextCustomizer@7ce6a65d, org.springframework.boot.test.json.DuplicateJsonObjectContextCustomizerFactory$DuplicateJsonObjectContextCustomizer@29b5cd00, org.springframework.boot.test.mock.mockito.MockitoContextCustomizer@0, org.springframework.boot.test.web.client.TestRestTemplateContextCustomizer@4d3167f4], contextLoader = 'org.springframework.boot.test.context.SpringBootContextLoader', parent = [null]], attributes = map[[empty]]], class annotated with @DirtiesContext [false] with mode [null], method annotated with @DirtiesContext [false] with mode [null].
TRACEbeforeTestExecution(): instance [com.mp.RetrieveTest@6e1d4137], method [public void com.mp.RetrieveTest.selectMy()]
TRACEafterTestExecution(): instance [com.mp.RetrieveTest@6e1d4137], method [public void com.mp.RetrieveTest.selectMy()], exception [org.apache.ibatis.binding.BindingException: Invalid bound statement (not found): com.mp.dao.UserMapper.selectAll]
TRACEafterTestMethod(): instance [com.mp.RetrieveTest@6e1d4137], method [public void com.mp.RetrieveTest.selectMy()], exception [org.apache.ibatis.binding.BindingException: Invalid bound statement (not found): com.mp.dao.UserMapper.selectAll]
DEBUGAfter test method: context [DefaultTestContext@393881f0 testClass = RetrieveTest, testInstance = com.mp.RetrieveTest@6e1d4137, testMethod = selectMy@RetrieveTest, testException = org.apache.ibatis.binding.BindingException: Invalid bound statement (not found): com.mp.dao.UserMapper.selectAll, mergedContextConfiguration = [MergedContextConfiguration@4af46df3 testClass = RetrieveTest, locations = '{}', classes = '{class com.mp.Application}', contextInitializerClasses = '[]', activeProfiles = '{}', propertySourceLocations = '{}', propertySourceProperties = '{org.springframework.boot.test.context.SpringBootTestContextBootstrapper=true}', contextCustomizers = set[org.springframework.boot.test.context.filter.ExcludeFilterContextCustomizer@7ce6a65d, org.springframework.boot.test.json.DuplicateJsonObjectContextCustomizerFactory$DuplicateJsonObjectContextCustomizer@29b5cd00, org.springframework.boot.test.mock.mockito.MockitoContextCustomizer@0, org.springframework.boot.test.web.client.TestRestTemplateContextCustomizer@4d3167f4], contextLoader = 'org.springframework.boot.test.context.SpringBootContextLoader', parent = [null]], attributes = map[[empty]]], class annotated with @DirtiesContext [false] with mode [null], method annotated with @DirtiesContext [false] with mode [null].
]]></system-out>
  </testcase>
  <testcase name="selectByWrapperAllEq" classname="com.mp.RetrieveTest" time="0.018"/>
  <testcase name="selectByWrapperMaps2" classname="com.mp.RetrieveTest" time="0.008"/>
  <testcase name="selectByWrapperEntity" classname="com.mp.RetrieveTest" time="0.007"/>
  <testcase name="selectLambda" classname="com.mp.RetrieveTest" time="0.008"/>
  <testcase name="selectByWrapperSupper" classname="com.mp.RetrieveTest" time="0.008"/>
  <testcase name="selectByWrapper" classname="com.mp.RetrieveTest" time="0.008"/>
</testsuite>